<?xml version="1.0" encoding="UTF-8"?>
<Site BuildName="Linux-c++"
	BuildStamp="20240404-0706-Experimental"
	Name="ubuntu-2204"
	Generator="ctest-3.29.0"
	CompilerName="/usr/bin/c++"
	CompilerVersion="11.4.0"
	OSName="Linux"
	Hostname="ubuntu-2204"
	OSRelease="6.5.0-26-generic"
	OSVersion="#26~22.04.1-Ubuntu SMP PREEMPT_DYNAMIC Tue Mar 12 10:22:43 UTC 2"
	OSPlatform="x86_64"
	Is64Bits="1"
	VendorString="GenuineIntel"
	VendorID="Intel Corporation"
	FamilyID="6"
	ModelID="61"
	ProcessorCacheSize="4096"
	NumberOfLogicalCPU="4"
	NumberOfPhysicalCPU="4"
	TotalVirtualMemory="975"
	TotalPhysicalMemory="5532"
	LogicalProcessorsPerPhysical="1"
	ProcessorClockFrequency="2594"
	>
	<Testing>
		<StartDateTime>Apr 04 03:06 EDT</StartDateTime>
		<StartTestTime>1712214408</StartTestTime>
		<TestList/>
		<EndDateTime>Apr 04 03:06 EDT</EndDateTime>
		<EndTestTime>1712214408</EndTestTime>
		<ElapsedMinutes>0</ElapsedMinutes>
	</Testing>
</Site>
