<?xml version="1.0" encoding="UTF-8"?>
<Site BuildName="(empty)"
	BuildStamp="20240521-0601-Experimental"
	Name="ubuntu-2204"
	Generator="ctest-3.29.2"
	CompilerName="/usr/bin/c++"
	CompilerVersion="11.4.0"
	OSName="Linux"
	Hostname="ubuntu-2204"
	OSRelease="6.5.0-35-generic"
	OSVersion="#35~22.04.1-Ubuntu SMP PREEMPT_DYNAMIC Tue May  7 09:00:52 UTC 2"
	OSPlatform="x86_64"
	Is64Bits="1"
	VendorString="GenuineIntel"
	VendorID="Intel Corporation"
	FamilyID="6"
	ModelID="61"
	ProcessorCacheSize="4096"
	NumberOfLogicalCPU="4"
	NumberOfPhysicalCPU="4"
	TotalVirtualMemory="975"
	TotalPhysicalMemory="5532"
	LogicalProcessorsPerPhysical="1"
	ProcessorClockFrequency="2593.99"
	>
	<Testing>
		<StartDateTime>May 21 18:05 EDT</StartDateTime>
		<StartTestTime>1716329117</StartTestTime>
		<TestList/>
		<EndDateTime>May 21 18:05 EDT</EndDateTime>
		<EndTestTime>1716329117</EndTestTime>
		<ElapsedMinutes>0</ElapsedMinutes>
	</Testing>
</Site>
