<?xml version="1.0" encoding="UTF-8"?>
<Site BuildName="(empty)"
	BuildStamp="20240407-1041-Experimental"
	Name="ubuntu-2204"
	Generator="ctest-3.22.1"
	CompilerName="/usr/bin/c++"
	CompilerVersion="11.4.0"
	OSName="Linux"
	Hostname="ubuntu-2204"
	OSRelease="6.5.0-26-generic"
	OSVersion="#26~22.04.1-Ubuntu SMP PREEMPT_DYNAMIC Tue Mar 12 10:22:43 UTC 2"
	OSPlatform="x86_64"
	Is64Bits="1"
	VendorString="AuthenticAMD"
	VendorID="Advanced Micro Devices"
	FamilyID="23"
	ModelID="96"
	ProcessorCacheSize="512"
	NumberOfLogicalCPU="4"
	NumberOfPhysicalCPU="4"
	TotalVirtualMemory="975"
	TotalPhysicalMemory="6384"
	LogicalProcessorsPerPhysical="1"
	ProcessorClockFrequency="2994.38"
	>
	<Testing>
		<StartDateTime>Apr 07 19:12 EDT</StartDateTime>
		<StartTestTime>1712531574</StartTestTime>
		<TestList/>
		<EndDateTime>Apr 07 19:12 EDT</EndDateTime>
		<EndTestTime>1712531574</EndTestTime>
		<ElapsedMinutes>0</ElapsedMinutes>
	</Testing>
</Site>
