<?xml version="1.0" encoding="UTF-8"?>
<Site BuildName="Linux-c++"
	BuildStamp="20240510-1420-Experimental"
	Name="ubuntu-2204"
	Generator="ctest-3.29.2"
	CompilerName="/usr/bin/c++"
	CompilerVersion="11.4.0"
	OSName="Linux"
	Hostname="ubuntu-2204"
	OSRelease="6.5.0-28-generic"
	OSVersion="#29~22.04.1-Ubuntu SMP PREEMPT_DYNAMIC Thu Apr  4 14:39:20 UTC 2"
	OSPlatform="x86_64"
	Is64Bits="1"
	VendorString="GenuineIntel"
	VendorID="Intel Corporation"
	FamilyID="6"
	ModelID="61"
	ProcessorCacheSize="4096"
	NumberOfLogicalCPU="4"
	NumberOfPhysicalCPU="4"
	TotalVirtualMemory="975"
	TotalPhysicalMemory="5532"
	LogicalProcessorsPerPhysical="1"
	ProcessorClockFrequency="2593.99"
	>
	<Testing>
		<StartDateTime>May 10 10:20 EDT</StartDateTime>
		<StartTestTime>1715350842</StartTestTime>
		<TestList/>
		<EndDateTime>May 10 10:20 EDT</EndDateTime>
		<EndTestTime>1715350842</EndTestTime>
		<ElapsedMinutes>0</ElapsedMinutes>
	</Testing>
</Site>
